{"C:\\Users\\W10-PC\\Downloads\\eventHub\\server.js": {"path":"C:\\Users\\W10-PC\\Downloads\\eventHub\\server.js","statementMap":{"0":{"start":{"line":1,"column":16},"end":{"line":1,"column":34}},"1":{"start":{"line":2,"column":12},"end":{"line":2,"column":21}},"2":{"start":{"line":3,"column":16},"end":{"line":3,"column":42}},"3":{"start":{"line":4,"column":19},"end":{"line":4,"column":41}},"4":{"start":{"line":5,"column":21},"end":{"line":5,"column":61}},"5":{"start":{"line":6,"column":13},"end":{"line":6,"column":37}},"6":{"start":{"line":7,"column":17},"end":{"line":7,"column":36}},"7":{"start":{"line":8,"column":16},"end":{"line":8,"column":42}},"8":{"start":{"line":9,"column":23},"end":{"line":9,"column":59}},"9":{"start":{"line":10,"column":23},"end":{"line":10,"column":66}},"10":{"start":{"line":11,"column":13},"end":{"line":11,"column":28}},"11":{"start":{"line":14,"column":0},"end":{"line":38,"column":23}},"12":{"start":{"line":27,"column":8},"end":{"line":27,"column":58}},"13":{"start":{"line":28,"column":8},"end":{"line":31,"column":10}},"14":{"start":{"line":32,"column":8},"end":{"line":32,"column":89}},"15":{"start":{"line":33,"column":8},"end":{"line":33,"column":15}},"16":{"start":{"line":40,"column":0},"end":{"line":50,"column":2}},"17":{"start":{"line":48,"column":8},"end":{"line":48,"column":34}},"18":{"start":{"line":52,"column":0},"end":{"line":62,"column":7}},"19":{"start":{"line":60,"column":12},"end":{"line":60,"column":39}},"20":{"start":{"line":65,"column":0},"end":{"line":67,"column":2}},"21":{"start":{"line":66,"column":4},"end":{"line":66,"column":21}},"22":{"start":{"line":69,"column":0},"end":{"line":71,"column":2}},"23":{"start":{"line":70,"column":4},"end":{"line":70,"column":21}},"24":{"start":{"line":74,"column":0},"end":{"line":74,"column":137}},"25":{"start":{"line":74,"column":29},"end":{"line":74,"column":133}},"26":{"start":{"line":76,"column":0},"end":{"line":82,"column":7}},"27":{"start":{"line":80,"column":8},"end":{"line":80,"column":36}},"28":{"start":{"line":81,"column":8},"end":{"line":81,"column":26}},"29":{"start":{"line":85,"column":0},"end":{"line":91,"column":7}},"30":{"start":{"line":89,"column":8},"end":{"line":89,"column":36}},"31":{"start":{"line":90,"column":8},"end":{"line":90,"column":26}},"32":{"start":{"line":95,"column":0},"end":{"line":105,"column":1}},"33":{"start":{"line":96,"column":4},"end":{"line":104,"column":7}},"34":{"start":{"line":97,"column":8},"end":{"line":103,"column":9}},"35":{"start":{"line":98,"column":12},"end":{"line":98,"column":29}},"36":{"start":{"line":100,"column":12},"end":{"line":102,"column":15}},"37":{"start":{"line":101,"column":16},"end":{"line":101,"column":89}},"38":{"start":{"line":107,"column":0},"end":{"line":107,"column":21}}},"fnMap":{"0":{"name":"(anonymous_0)","decl":{"start":{"line":26,"column":9},"end":{"line":26,"column":10}},"loc":{"start":{"line":26,"column":29},"end":{"line":34,"column":5}},"line":26},"1":{"name":"(anonymous_1)","decl":{"start":{"line":47,"column":4},"end":{"line":47,"column":5}},"loc":{"start":{"line":47,"column":56},"end":{"line":49,"column":5}},"line":47},"2":{"name":"(anonymous_2)","decl":{"start":{"line":59,"column":8},"end":{"line":59,"column":9}},"loc":{"start":{"line":59,"column":60},"end":{"line":61,"column":9}},"line":59},"3":{"name":"(anonymous_3)","decl":{"start":{"line":65,"column":23},"end":{"line":65,"column":24}},"loc":{"start":{"line":65,"column":39},"end":{"line":67,"column":1}},"line":65},"4":{"name":"(anonymous_4)","decl":{"start":{"line":69,"column":25},"end":{"line":69,"column":26}},"loc":{"start":{"line":69,"column":41},"end":{"line":71,"column":1}},"line":69},"5":{"name":"(anonymous_5)","decl":{"start":{"line":74,"column":13},"end":{"line":74,"column":14}},"loc":{"start":{"line":74,"column":27},"end":{"line":74,"column":135}},"line":74},"6":{"name":"(anonymous_6)","decl":{"start":{"line":79,"column":4},"end":{"line":79,"column":5}},"loc":{"start":{"line":79,"column":18},"end":{"line":82,"column":5}},"line":79},"7":{"name":"(anonymous_7)","decl":{"start":{"line":88,"column":4},"end":{"line":88,"column":5}},"loc":{"start":{"line":88,"column":18},"end":{"line":91,"column":5}},"line":88},"8":{"name":"(anonymous_8)","decl":{"start":{"line":96,"column":21},"end":{"line":96,"column":22}},"loc":{"start":{"line":96,"column":30},"end":{"line":104,"column":5}},"line":96},"9":{"name":"(anonymous_9)","decl":{"start":{"line":100,"column":29},"end":{"line":100,"column":30}},"loc":{"start":{"line":100,"column":35},"end":{"line":102,"column":13}},"line":100}},"branchMap":{"0":{"loc":{"start":{"line":6,"column":13},"end":{"line":6,"column":37}},"type":"binary-expr","locations":[{"start":{"line":6,"column":13},"end":{"line":6,"column":29}},{"start":{"line":6,"column":33},"end":{"line":6,"column":37}}],"line":6},"1":{"loc":{"start":{"line":74,"column":38},"end":{"line":74,"column":132}},"type":"cond-expr","locations":[{"start":{"line":74,"column":71},"end":{"line":74,"column":117}},{"start":{"line":74,"column":120},"end":{"line":74,"column":132}}],"line":74},"2":{"loc":{"start":{"line":95,"column":0},"end":{"line":105,"column":1}},"type":"if","locations":[{"start":{"line":95,"column":0},"end":{"line":105,"column":1}},{"start":{},"end":{}}],"line":95},"3":{"loc":{"start":{"line":97,"column":8},"end":{"line":103,"column":9}},"type":"if","locations":[{"start":{"line":97,"column":8},"end":{"line":103,"column":9}},{"start":{"line":99,"column":15},"end":{"line":103,"column":9}}],"line":97}},"s":{"0":4,"1":4,"2":4,"3":4,"4":4,"5":4,"6":4,"7":4,"8":4,"9":4,"10":4,"11":4,"12":8,"13":8,"14":8,"15":8,"16":4,"17":0,"18":4,"19":0,"20":4,"21":0,"22":4,"23":0,"24":4,"25":0,"26":4,"27":0,"28":0,"29":4,"30":0,"31":0,"32":4,"33":0,"34":0,"35":0,"36":0,"37":0,"38":4},"f":{"0":8,"1":0,"2":0,"3":0,"4":0,"5":0,"6":0,"7":0,"8":0,"9":0},"b":{"0":[4,4],"1":[0,0],"2":[0,4],"3":[0,0]},"_coverageSchema":"1a1c01bbd47fc00a2c39e90264f33305004495a9","hash":"e75896bb5efda874cac5889ff25f3734dcfca10d"}
,"C:\\Users\\W10-PC\\Downloads\\eventHub\\src\\middleware\\authorizationMiddleware.js": {"path":"C:\\Users\\W10-PC\\Downloads\\eventHub\\src\\middleware\\authorizationMiddleware.js","statementMap":{"0":{"start":{"line":1,"column":16},"end":{"line":6,"column":1}},"1":{"start":{"line":2,"column":4},"end":{"line":4,"column":5}},"2":{"start":{"line":3,"column":8},"end":{"line":3,"column":22}},"3":{"start":{"line":5,"column":4},"end":{"line":5,"column":58}},"4":{"start":{"line":8,"column":0},"end":{"line":8,"column":29}}},"fnMap":{"0":{"name":"(anonymous_0)","decl":{"start":{"line":1,"column":16},"end":{"line":1,"column":17}},"loc":{"start":{"line":1,"column":36},"end":{"line":6,"column":1}},"line":1}},"branchMap":{"0":{"loc":{"start":{"line":2,"column":4},"end":{"line":4,"column":5}},"type":"if","locations":[{"start":{"line":2,"column":4},"end":{"line":4,"column":5}},{"start":{},"end":{}}],"line":2},"1":{"loc":{"start":{"line":2,"column":8},"end":{"line":2,"column":45}},"type":"binary-expr","locations":[{"start":{"line":2,"column":8},"end":{"line":2,"column":16}},{"start":{"line":2,"column":20},"end":{"line":2,"column":45}}],"line":2}},"s":{"0":4,"1":1,"2":0,"3":1,"4":4},"f":{"0":1},"b":{"0":[0,1],"1":[1,0]},"_coverageSchema":"1a1c01bbd47fc00a2c39e90264f33305004495a9","hash":"2346f601c0f6222bf450f7eca732fe28fd7b4e69"}
,"C:\\Users\\W10-PC\\Downloads\\eventHub\\src\\routes\\index.js": {"path":"C:\\Users\\W10-PC\\Downloads\\eventHub\\src\\routes\\index.js","statementMap":{"0":{"start":{"line":1,"column":15},"end":{"line":1,"column":42}},"1":{"start":{"line":2,"column":17},"end":{"line":2,"column":36}},"2":{"start":{"line":5,"column":0},"end":{"line":5,"column":38}},"3":{"start":{"line":8,"column":0},"end":{"line":8,"column":48}},"4":{"start":{"line":10,"column":0},"end":{"line":10,"column":46}},"5":{"start":{"line":12,"column":0},"end":{"line":12,"column":62}},"6":{"start":{"line":14,"column":0},"end":{"line":14,"column":50}},"7":{"start":{"line":24,"column":0},"end":{"line":30,"column":3}},"8":{"start":{"line":25,"column":2},"end":{"line":29,"column":5}},"9":{"start":{"line":32,"column":0},"end":{"line":36,"column":3}},"10":{"start":{"line":33,"column":2},"end":{"line":35,"column":5}},"11":{"start":{"line":34,"column":4},"end":{"line":34,"column":27}},"12":{"start":{"line":39,"column":0},"end":{"line":39,"column":60}},"13":{"start":{"line":41,"column":0},"end":{"line":48,"column":2}},"14":{"start":{"line":45,"column":4},"end":{"line":45,"column":32}},"15":{"start":{"line":46,"column":4},"end":{"line":46,"column":22}},"16":{"start":{"line":52,"column":0},"end":{"line":55,"column":2}},"17":{"start":{"line":57,"column":0},"end":{"line":64,"column":2}},"18":{"start":{"line":61,"column":4},"end":{"line":61,"column":32}},"19":{"start":{"line":62,"column":4},"end":{"line":62,"column":22}},"20":{"start":{"line":67,"column":0},"end":{"line":67,"column":24}}},"fnMap":{"0":{"name":"(anonymous_0)","decl":{"start":{"line":24,"column":21},"end":{"line":24,"column":22}},"loc":{"start":{"line":24,"column":35},"end":{"line":30,"column":1}},"line":24},"1":{"name":"(anonymous_1)","decl":{"start":{"line":32,"column":22},"end":{"line":32,"column":23}},"loc":{"start":{"line":32,"column":36},"end":{"line":36,"column":1}},"line":32},"2":{"name":"(anonymous_2)","decl":{"start":{"line":33,"column":22},"end":{"line":33,"column":23}},"loc":{"start":{"line":33,"column":28},"end":{"line":35,"column":3}},"line":33},"3":{"name":"(anonymous_3)","decl":{"start":{"line":44,"column":2},"end":{"line":44,"column":3}},"loc":{"start":{"line":44,"column":16},"end":{"line":47,"column":3}},"line":44},"4":{"name":"(anonymous_4)","decl":{"start":{"line":60,"column":2},"end":{"line":60,"column":3}},"loc":{"start":{"line":60,"column":16},"end":{"line":63,"column":3}},"line":60}},"branchMap":{},"s":{"0":4,"1":4,"2":4,"3":4,"4":4,"5":4,"6":4,"7":4,"8":0,"9":4,"10":0,"11":0,"12":4,"13":4,"14":0,"15":0,"16":4,"17":4,"18":0,"19":0,"20":4},"f":{"0":0,"1":0,"2":0,"3":0,"4":0},"b":{},"_coverageSchema":"1a1c01bbd47fc00a2c39e90264f33305004495a9","hash":"6c96920774f80d9d06c94b4b2fd2eb9d28ebdd4b"}
,"C:\\Users\\W10-PC\\Downloads\\eventHub\\src\\routes\\userRoutes.js": {"path":"C:\\Users\\W10-PC\\Downloads\\eventHub\\src\\routes\\userRoutes.js","statementMap":{"0":{"start":{"line":1,"column":16},"end":{"line":1,"column":34}},"1":{"start":{"line":2,"column":23},"end":{"line":2,"column":63}},"2":{"start":{"line":3,"column":15},"end":{"line":3,"column":31}},"3":{"start":{"line":4,"column":25},"end":{"line":4,"column":65}},"4":{"start":{"line":5,"column":20},"end":{"line":5,"column":68}},"5":{"start":{"line":7,"column":0},"end":{"line":7,"column":53}},"6":{"start":{"line":8,"column":0},"end":{"line":8,"column":46}},"7":{"start":{"line":9,"column":0},"end":{"line":9,"column":60}},"8":{"start":{"line":10,"column":0},"end":{"line":10,"column":58}},"9":{"start":{"line":12,"column":0},"end":{"line":12,"column":24}}},"fnMap":{},"branchMap":{},"s":{"0":4,"1":4,"2":4,"3":4,"4":4,"5":4,"6":4,"7":4,"8":4,"9":4},"f":{},"b":{},"_coverageSchema":"1a1c01bbd47fc00a2c39e90264f33305004495a9","hash":"c1a7f775436716da76afabab979727c74960c67e"}
}
