{"C:\\Users\\W10-PC\\Downloads\\eventHub\\server.js": {"path":"C:\\Users\\W10-PC\\Downloads\\eventHub\\server.js","statementMap":{"0":{"start":{"line":1,"column":16},"end":{"line":1,"column":34}},"1":{"start":{"line":2,"column":12},"end":{"line":2,"column":21}},"2":{"start":{"line":3,"column":16},"end":{"line":3,"column":42}},"3":{"start":{"line":4,"column":19},"end":{"line":4,"column":41}},"4":{"start":{"line":5,"column":21},"end":{"line":5,"column":61}},"5":{"start":{"line":6,"column":13},"end":{"line":6,"column":37}},"6":{"start":{"line":7,"column":17},"end":{"line":7,"column":36}},"7":{"start":{"line":8,"column":16},"end":{"line":8,"column":42}},"8":{"start":{"line":9,"column":23},"end":{"line":9,"column":59}},"9":{"start":{"line":10,"column":23},"end":{"line":10,"column":66}},"10":{"start":{"line":11,"column":13},"end":{"line":11,"column":28}},"11":{"start":{"line":14,"column":0},"end":{"line":38,"column":23}},"12":{"start":{"line":27,"column":8},"end":{"line":27,"column":58}},"13":{"start":{"line":28,"column":8},"end":{"line":31,"column":10}},"14":{"start":{"line":32,"column":8},"end":{"line":32,"column":89}},"15":{"start":{"line":33,"column":8},"end":{"line":33,"column":15}},"16":{"start":{"line":40,"column":0},"end":{"line":50,"column":2}},"17":{"start":{"line":48,"column":8},"end":{"line":48,"column":34}},"18":{"start":{"line":52,"column":0},"end":{"line":62,"column":7}},"19":{"start":{"line":60,"column":12},"end":{"line":60,"column":39}},"20":{"start":{"line":65,"column":0},"end":{"line":67,"column":2}},"21":{"start":{"line":66,"column":4},"end":{"line":66,"column":21}},"22":{"start":{"line":69,"column":0},"end":{"line":71,"column":2}},"23":{"start":{"line":70,"column":4},"end":{"line":70,"column":21}},"24":{"start":{"line":74,"column":0},"end":{"line":74,"column":137}},"25":{"start":{"line":74,"column":29},"end":{"line":74,"column":133}},"26":{"start":{"line":76,"column":0},"end":{"line":82,"column":7}},"27":{"start":{"line":80,"column":8},"end":{"line":80,"column":36}},"28":{"start":{"line":81,"column":8},"end":{"line":81,"column":26}},"29":{"start":{"line":85,"column":0},"end":{"line":91,"column":7}},"30":{"start":{"line":89,"column":8},"end":{"line":89,"column":36}},"31":{"start":{"line":90,"column":8},"end":{"line":90,"column":26}},"32":{"start":{"line":95,"column":0},"end":{"line":105,"column":1}},"33":{"start":{"line":96,"column":4},"end":{"line":104,"column":7}},"34":{"start":{"line":97,"column":8},"end":{"line":103,"column":9}},"35":{"start":{"line":98,"column":12},"end":{"line":98,"column":29}},"36":{"start":{"line":100,"column":12},"end":{"line":102,"column":15}},"37":{"start":{"line":101,"column":16},"end":{"line":101,"column":89}},"38":{"start":{"line":107,"column":0},"end":{"line":107,"column":21}}},"fnMap":{"0":{"name":"(anonymous_0)","decl":{"start":{"line":26,"column":9},"end":{"line":26,"column":10}},"loc":{"start":{"line":26,"column":29},"end":{"line":34,"column":5}},"line":26},"1":{"name":"(anonymous_1)","decl":{"start":{"line":47,"column":4},"end":{"line":47,"column":5}},"loc":{"start":{"line":47,"column":56},"end":{"line":49,"column":5}},"line":47},"2":{"name":"(anonymous_2)","decl":{"start":{"line":59,"column":8},"end":{"line":59,"column":9}},"loc":{"start":{"line":59,"column":60},"end":{"line":61,"column":9}},"line":59},"3":{"name":"(anonymous_3)","decl":{"start":{"line":65,"column":23},"end":{"line":65,"column":24}},"loc":{"start":{"line":65,"column":39},"end":{"line":67,"column":1}},"line":65},"4":{"name":"(anonymous_4)","decl":{"start":{"line":69,"column":25},"end":{"line":69,"column":26}},"loc":{"start":{"line":69,"column":41},"end":{"line":71,"column":1}},"line":69},"5":{"name":"(anonymous_5)","decl":{"start":{"line":74,"column":13},"end":{"line":74,"column":14}},"loc":{"start":{"line":74,"column":27},"end":{"line":74,"column":135}},"line":74},"6":{"name":"(anonymous_6)","decl":{"start":{"line":79,"column":4},"end":{"line":79,"column":5}},"loc":{"start":{"line":79,"column":18},"end":{"line":82,"column":5}},"line":79},"7":{"name":"(anonymous_7)","decl":{"start":{"line":88,"column":4},"end":{"line":88,"column":5}},"loc":{"start":{"line":88,"column":18},"end":{"line":91,"column":5}},"line":88},"8":{"name":"(anonymous_8)","decl":{"start":{"line":96,"column":21},"end":{"line":96,"column":22}},"loc":{"start":{"line":96,"column":30},"end":{"line":104,"column":5}},"line":96},"9":{"name":"(anonymous_9)","decl":{"start":{"line":100,"column":29},"end":{"line":100,"column":30}},"loc":{"start":{"line":100,"column":35},"end":{"line":102,"column":13}},"line":100}},"branchMap":{"0":{"loc":{"start":{"line":6,"column":13},"end":{"line":6,"column":37}},"type":"binary-expr","locations":[{"start":{"line":6,"column":13},"end":{"line":6,"column":29}},{"start":{"line":6,"column":33},"end":{"line":6,"column":37}}],"line":6},"1":{"loc":{"start":{"line":74,"column":38},"end":{"line":74,"column":132}},"type":"cond-expr","locations":[{"start":{"line":74,"column":71},"end":{"line":74,"column":117}},{"start":{"line":74,"column":120},"end":{"line":74,"column":132}}],"line":74},"2":{"loc":{"start":{"line":95,"column":0},"end":{"line":105,"column":1}},"type":"if","locations":[{"start":{"line":95,"column":0},"end":{"line":105,"column":1}},{"start":{},"end":{}}],"line":95},"3":{"loc":{"start":{"line":97,"column":8},"end":{"line":103,"column":9}},"type":"if","locations":[{"start":{"line":97,"column":8},"end":{"line":103,"column":9}},{"start":{"line":99,"column":15},"end":{"line":103,"column":9}}],"line":97}},"s":{"0":4,"1":4,"2":4,"3":4,"4":4,"5":4,"6":4,"7":4,"8":4,"9":4,"10":4,"11":4,"12":8,"13":8,"14":8,"15":8,"16":4,"17":0,"18":4,"19":0,"20":4,"21":0,"22":4,"23":0,"24":4,"25":0,"26":4,"27":0,"28":0,"29":4,"30":0,"31":0,"32":4,"33":0,"34":0,"35":0,"36":0,"37":0,"38":4},"f":{"0":8,"1":0,"2":0,"3":0,"4":0,"5":0,"6":0,"7":0,"8":0,"9":0},"b":{"0":[4,4],"1":[0,0],"2":[0,4],"3":[0,0]},"_coverageSchema":"1a1c01bbd47fc00a2c39e90264f33305004495a9","hash":"e75896bb5efda874cac5889ff25f3734dcfca10d"}
,"C:\\Users\\W10-PC\\Downloads\\eventHub\\src\\config\\db.js": {"path":"C:\\Users\\W10-PC\\Downloads\\eventHub\\src\\config\\db.js","statementMap":{"0":{"start":{"line":1,"column":15},"end":{"line":1,"column":32}},"1":{"start":{"line":2,"column":0},"end":{"line":2,"column":16}},"2":{"start":{"line":4,"column":20},"end":{"line":4,"column":50}},"3":{"start":{"line":8,"column":17},"end":{"line":21,"column":1}},"4":{"start":{"line":9,"column":4},"end":{"line":12,"column":5}},"5":{"start":{"line":10,"column":8},"end":{"line":10,"column":55}},"6":{"start":{"line":11,"column":8},"end":{"line":11,"column":40}},"7":{"start":{"line":13,"column":4},"end":{"line":20,"column":10}},"8":{"start":{"line":15,"column":12},"end":{"line":15,"column":30}},"9":{"start":{"line":16,"column":12},"end":{"line":16,"column":44}},"10":{"start":{"line":19,"column":12},"end":{"line":19,"column":25}},"11":{"start":{"line":23,"column":14},"end":{"line":28,"column":1}},"12":{"start":{"line":24,"column":4},"end":{"line":26,"column":5}},"13":{"start":{"line":25,"column":8},"end":{"line":25,"column":47}},"14":{"start":{"line":27,"column":4},"end":{"line":27,"column":20}},"15":{"start":{"line":30,"column":0},"end":{"line":30,"column":37}}},"fnMap":{"0":{"name":"(anonymous_0)","decl":{"start":{"line":8,"column":17},"end":{"line":8,"column":18}},"loc":{"start":{"line":8,"column":31},"end":{"line":21,"column":1}},"line":8},"1":{"name":"(anonymous_1)","decl":{"start":{"line":14,"column":14},"end":{"line":14,"column":15}},"loc":{"start":{"line":14,"column":26},"end":{"line":17,"column":9}},"line":14},"2":{"name":"(anonymous_2)","decl":{"start":{"line":18,"column":15},"end":{"line":18,"column":16}},"loc":{"start":{"line":18,"column":24},"end":{"line":20,"column":9}},"line":18},"3":{"name":"(anonymous_3)","decl":{"start":{"line":23,"column":14},"end":{"line":23,"column":15}},"loc":{"start":{"line":23,"column":20},"end":{"line":28,"column":1}},"line":23}},"branchMap":{"0":{"loc":{"start":{"line":9,"column":4},"end":{"line":12,"column":5}},"type":"if","locations":[{"start":{"line":9,"column":4},"end":{"line":12,"column":5}},{"start":{},"end":{}}],"line":9},"1":{"loc":{"start":{"line":24,"column":4},"end":{"line":26,"column":5}},"type":"if","locations":[{"start":{"line":24,"column":4},"end":{"line":26,"column":5}},{"start":{},"end":{}}],"line":24}},"s":{"0":4,"1":4,"2":4,"3":4,"4":0,"5":0,"6":0,"7":0,"8":0,"9":0,"10":0,"11":4,"12":3,"13":3,"14":0,"15":4},"f":{"0":0,"1":0,"2":0,"3":3},"b":{"0":[0,0],"1":[3,0]},"_coverageSchema":"1a1c01bbd47fc00a2c39e90264f33305004495a9","hash":"686f5a10173fede1e2c8d23be3cd9970d6c8c837"}
,"C:\\Users\\W10-PC\\Downloads\\eventHub\\src\\controllers\\eventController.js": {"path":"C:\\Users\\W10-PC\\Downloads\\eventHub\\src\\controllers\\eventController.js","statementMap":{"0":{"start":{"line":1,"column":17},"end":{"line":1,"column":40}},"1":{"start":{"line":2,"column":17},"end":{"line":2,"column":44}},"2":{"start":{"line":3,"column":29},"end":{"line":3,"column":57}},"3":{"start":{"line":6,"column":21},"end":{"line":17,"column":1}},"4":{"start":{"line":8,"column":4},"end":{"line":16,"column":5}},"5":{"start":{"line":9,"column":23},"end":{"line":9,"column":78}},"6":{"start":{"line":10,"column":8},"end":{"line":13,"column":11}},"7":{"start":{"line":11,"column":12},"end":{"line":11,"column":62}},"8":{"start":{"line":12,"column":12},"end":{"line":12,"column":41}},"9":{"start":{"line":15,"column":8},"end":{"line":15,"column":20}},"10":{"start":{"line":20,"column":20},"end":{"line":32,"column":1}},"11":{"start":{"line":22,"column":4},"end":{"line":31,"column":5}},"12":{"start":{"line":23,"column":24},"end":{"line":23,"column":51}},"13":{"start":{"line":24,"column":23},"end":{"line":24,"column":94}},"14":{"start":{"line":25,"column":8},"end":{"line":28,"column":11}},"15":{"start":{"line":26,"column":12},"end":{"line":26,"column":62}},"16":{"start":{"line":27,"column":12},"end":{"line":27,"column":44}},"17":{"start":{"line":30,"column":8},"end":{"line":30,"column":20}},"18":{"start":{"line":35,"column":20},"end":{"line":66,"column":1}},"19":{"start":{"line":38,"column":19},"end":{"line":38,"column":40}},"20":{"start":{"line":39,"column":4},"end":{"line":41,"column":5}},"21":{"start":{"line":40,"column":8},"end":{"line":40,"column":64}},"22":{"start":{"line":43,"column":4},"end":{"line":65,"column":5}},"23":{"start":{"line":44,"column":22},"end":{"line":55,"column":9}},"24":{"start":{"line":57,"column":25},"end":{"line":57,"column":90}},"25":{"start":{"line":58,"column":8},"end":{"line":62,"column":9}},"26":{"start":{"line":59,"column":12},"end":{"line":59,"column":35}},"27":{"start":{"line":61,"column":12},"end":{"line":61,"column":95}},"28":{"start":{"line":64,"column":8},"end":{"line":64,"column":20}},"29":{"start":{"line":69,"column":20},"end":{"line":100,"column":1}},"30":{"start":{"line":71,"column":19},"end":{"line":71,"column":40}},"31":{"start":{"line":72,"column":4},"end":{"line":74,"column":5}},"32":{"start":{"line":73,"column":8},"end":{"line":73,"column":64}},"33":{"start":{"line":76,"column":4},"end":{"line":98,"column":5}},"34":{"start":{"line":77,"column":24},"end":{"line":77,"column":51}},"35":{"start":{"line":78,"column":22},"end":{"line":89,"column":9}},"36":{"start":{"line":90,"column":25},"end":{"line":90,"column":109}},"37":{"start":{"line":91,"column":8},"end":{"line":95,"column":9}},"38":{"start":{"line":92,"column":12},"end":{"line":92,"column":35}},"39":{"start":{"line":94,"column":12},"end":{"line":94,"column":93}},"40":{"start":{"line":97,"column":8},"end":{"line":97,"column":20}},"41":{"start":{"line":103,"column":20},"end":{"line":116,"column":1}},"42":{"start":{"line":105,"column":4},"end":{"line":115,"column":5}},"43":{"start":{"line":106,"column":24},"end":{"line":106,"column":51}},"44":{"start":{"line":107,"column":25},"end":{"line":107,"column":101}},"45":{"start":{"line":108,"column":8},"end":{"line":112,"column":9}},"46":{"start":{"line":109,"column":12},"end":{"line":109,"column":35}},"47":{"start":{"line":111,"column":12},"end":{"line":111,"column":94}},"48":{"start":{"line":114,"column":8},"end":{"line":114,"column":20}},"49":{"start":{"line":118,"column":0},"end":{"line":118,"column":86}}},"fnMap":{"0":{"name":"(anonymous_0)","decl":{"start":{"line":6,"column":21},"end":{"line":6,"column":22}},"loc":{"start":{"line":6,"column":47},"end":{"line":17,"column":1}},"line":6},"1":{"name":"(anonymous_1)","decl":{"start":{"line":10,"column":30},"end":{"line":10,"column":31}},"loc":{"start":{"line":10,"column":42},"end":{"line":13,"column":9}},"line":10},"2":{"name":"(anonymous_2)","decl":{"start":{"line":20,"column":20},"end":{"line":20,"column":21}},"loc":{"start":{"line":20,"column":46},"end":{"line":32,"column":1}},"line":20},"3":{"name":"(anonymous_3)","decl":{"start":{"line":25,"column":30},"end":{"line":25,"column":31}},"loc":{"start":{"line":25,"column":42},"end":{"line":28,"column":9}},"line":25},"4":{"name":"(anonymous_4)","decl":{"start":{"line":35,"column":20},"end":{"line":35,"column":21}},"loc":{"start":{"line":35,"column":46},"end":{"line":66,"column":1}},"line":35},"5":{"name":"(anonymous_5)","decl":{"start":{"line":69,"column":20},"end":{"line":69,"column":21}},"loc":{"start":{"line":69,"column":46},"end":{"line":100,"column":1}},"line":69},"6":{"name":"(anonymous_6)","decl":{"start":{"line":103,"column":20},"end":{"line":103,"column":21}},"loc":{"start":{"line":103,"column":46},"end":{"line":116,"column":1}},"line":103}},"branchMap":{"0":{"loc":{"start":{"line":39,"column":4},"end":{"line":41,"column":5}},"type":"if","locations":[{"start":{"line":39,"column":4},"end":{"line":41,"column":5}},{"start":{},"end":{}}],"line":39},"1":{"loc":{"start":{"line":58,"column":8},"end":{"line":62,"column":9}},"type":"if","locations":[{"start":{"line":58,"column":8},"end":{"line":62,"column":9}},{"start":{"line":60,"column":15},"end":{"line":62,"column":9}}],"line":58},"2":{"loc":{"start":{"line":61,"column":33},"end":{"line":61,"column":93}},"type":"binary-expr","locations":[{"start":{"line":61,"column":33},"end":{"line":61,"column":47}},{"start":{"line":61,"column":51},"end":{"line":61,"column":93}}],"line":61},"3":{"loc":{"start":{"line":72,"column":4},"end":{"line":74,"column":5}},"type":"if","locations":[{"start":{"line":72,"column":4},"end":{"line":74,"column":5}},{"start":{},"end":{}}],"line":72},"4":{"loc":{"start":{"line":91,"column":8},"end":{"line":95,"column":9}},"type":"if","locations":[{"start":{"line":91,"column":8},"end":{"line":95,"column":9}},{"start":{"line":93,"column":15},"end":{"line":95,"column":9}}],"line":91},"5":{"loc":{"start":{"line":94,"column":33},"end":{"line":94,"column":91}},"type":"binary-expr","locations":[{"start":{"line":94,"column":33},"end":{"line":94,"column":47}},{"start":{"line":94,"column":51},"end":{"line":94,"column":91}}],"line":94},"6":{"loc":{"start":{"line":108,"column":8},"end":{"line":112,"column":9}},"type":"if","locations":[{"start":{"line":108,"column":8},"end":{"line":112,"column":9}},{"start":{"line":110,"column":15},"end":{"line":112,"column":9}}],"line":108},"7":{"loc":{"start":{"line":111,"column":33},"end":{"line":111,"column":92}},"type":"binary-expr","locations":[{"start":{"line":111,"column":33},"end":{"line":111,"column":47}},{"start":{"line":111,"column":51},"end":{"line":111,"column":92}}],"line":111}},"s":{"0":4,"1":4,"2":4,"3":4,"4":1,"5":1,"6":0,"7":0,"8":0,"9":1,"10":4,"11":1,"12":1,"13":0,"14":0,"15":0,"16":0,"17":1,"18":4,"19":0,"20":0,"21":0,"22":0,"23":0,"24":0,"25":0,"26":0,"27":0,"28":0,"29":4,"30":0,"31":0,"32":0,"33":0,"34":0,"35":0,"36":0,"37":0,"38":0,"39":0,"40":0,"41":4,"42":0,"43":0,"44":0,"45":0,"46":0,"47":0,"48":0,"49":4},"f":{"0":1,"1":0,"2":1,"3":0,"4":0,"5":0,"6":0},"b":{"0":[0,0],"1":[0,0],"2":[0,0],"3":[0,0],"4":[0,0],"5":[0,0],"6":[0,0],"7":[0,0]},"_coverageSchema":"1a1c01bbd47fc00a2c39e90264f33305004495a9","hash":"2d2bd014f71f26a11f496f503d08c5821946568b"}
,"C:\\Users\\W10-PC\\Downloads\\eventHub\\src\\controllers\\registrationController.js": {"path":"C:\\Users\\W10-PC\\Downloads\\eventHub\\src\\controllers\\registrationController.js","statementMap":{"0":{"start":{"line":1,"column":17},"end":{"line":1,"column":40}},"1":{"start":{"line":2,"column":17},"end":{"line":2,"column":44}},"2":{"start":{"line":3,"column":29},"end":{"line":3,"column":57}},"3":{"start":{"line":6,"column":28},"end":{"line":17,"column":1}},"4":{"start":{"line":8,"column":4},"end":{"line":16,"column":5}},"5":{"start":{"line":9,"column":23},"end":{"line":9,"column":85}},"6":{"start":{"line":10,"column":8},"end":{"line":13,"column":11}},"7":{"start":{"line":11,"column":12},"end":{"line":11,"column":62}},"8":{"start":{"line":12,"column":12},"end":{"line":12,"column":48}},"9":{"start":{"line":15,"column":8},"end":{"line":15,"column":20}},"10":{"start":{"line":20,"column":27},"end":{"line":32,"column":1}},"11":{"start":{"line":22,"column":4},"end":{"line":31,"column":5}},"12":{"start":{"line":23,"column":31},"end":{"line":23,"column":58}},"13":{"start":{"line":24,"column":23},"end":{"line":24,"column":108}},"14":{"start":{"line":25,"column":8},"end":{"line":28,"column":11}},"15":{"start":{"line":26,"column":12},"end":{"line":26,"column":62}},"16":{"start":{"line":27,"column":12},"end":{"line":27,"column":51}},"17":{"start":{"line":30,"column":8},"end":{"line":30,"column":20}},"18":{"start":{"line":35,"column":27},"end":{"line":59,"column":1}},"19":{"start":{"line":38,"column":19},"end":{"line":38,"column":40}},"20":{"start":{"line":39,"column":4},"end":{"line":41,"column":5}},"21":{"start":{"line":40,"column":8},"end":{"line":40,"column":64}},"22":{"start":{"line":43,"column":4},"end":{"line":58,"column":5}},"23":{"start":{"line":44,"column":29},"end":{"line":48,"column":9}},"24":{"start":{"line":50,"column":25},"end":{"line":50,"column":104}},"25":{"start":{"line":51,"column":8},"end":{"line":55,"column":9}},"26":{"start":{"line":52,"column":12},"end":{"line":52,"column":35}},"27":{"start":{"line":54,"column":12},"end":{"line":54,"column":102}},"28":{"start":{"line":57,"column":8},"end":{"line":57,"column":20}},"29":{"start":{"line":63,"column":27},"end":{"line":87,"column":1}},"30":{"start":{"line":65,"column":19},"end":{"line":65,"column":40}},"31":{"start":{"line":66,"column":4},"end":{"line":68,"column":5}},"32":{"start":{"line":67,"column":8},"end":{"line":67,"column":64}},"33":{"start":{"line":70,"column":4},"end":{"line":85,"column":5}},"34":{"start":{"line":71,"column":31},"end":{"line":71,"column":58}},"35":{"start":{"line":72,"column":29},"end":{"line":76,"column":9}},"36":{"start":{"line":77,"column":25},"end":{"line":77,"column":130}},"37":{"start":{"line":78,"column":8},"end":{"line":82,"column":9}},"38":{"start":{"line":79,"column":12},"end":{"line":79,"column":35}},"39":{"start":{"line":81,"column":12},"end":{"line":81,"column":100}},"40":{"start":{"line":84,"column":8},"end":{"line":84,"column":20}},"41":{"start":{"line":90,"column":27},"end":{"line":103,"column":1}},"42":{"start":{"line":92,"column":4},"end":{"line":102,"column":5}},"43":{"start":{"line":93,"column":31},"end":{"line":93,"column":58}},"44":{"start":{"line":94,"column":25},"end":{"line":94,"column":115}},"45":{"start":{"line":95,"column":8},"end":{"line":99,"column":9}},"46":{"start":{"line":96,"column":12},"end":{"line":96,"column":35}},"47":{"start":{"line":98,"column":12},"end":{"line":98,"column":101}},"48":{"start":{"line":101,"column":8},"end":{"line":101,"column":20}},"49":{"start":{"line":105,"column":0},"end":{"line":105,"column":121}}},"fnMap":{"0":{"name":"(anonymous_0)","decl":{"start":{"line":6,"column":28},"end":{"line":6,"column":29}},"loc":{"start":{"line":6,"column":54},"end":{"line":17,"column":1}},"line":6},"1":{"name":"(anonymous_1)","decl":{"start":{"line":10,"column":30},"end":{"line":10,"column":31}},"loc":{"start":{"line":10,"column":49},"end":{"line":13,"column":9}},"line":10},"2":{"name":"(anonymous_2)","decl":{"start":{"line":20,"column":27},"end":{"line":20,"column":28}},"loc":{"start":{"line":20,"column":53},"end":{"line":32,"column":1}},"line":20},"3":{"name":"(anonymous_3)","decl":{"start":{"line":25,"column":30},"end":{"line":25,"column":31}},"loc":{"start":{"line":25,"column":49},"end":{"line":28,"column":9}},"line":25},"4":{"name":"(anonymous_4)","decl":{"start":{"line":35,"column":27},"end":{"line":35,"column":28}},"loc":{"start":{"line":35,"column":53},"end":{"line":59,"column":1}},"line":35},"5":{"name":"(anonymous_5)","decl":{"start":{"line":63,"column":27},"end":{"line":63,"column":28}},"loc":{"start":{"line":63,"column":53},"end":{"line":87,"column":1}},"line":63},"6":{"name":"(anonymous_6)","decl":{"start":{"line":90,"column":27},"end":{"line":90,"column":28}},"loc":{"start":{"line":90,"column":53},"end":{"line":103,"column":1}},"line":90}},"branchMap":{"0":{"loc":{"start":{"line":39,"column":4},"end":{"line":41,"column":5}},"type":"if","locations":[{"start":{"line":39,"column":4},"end":{"line":41,"column":5}},{"start":{},"end":{}}],"line":39},"1":{"loc":{"start":{"line":51,"column":8},"end":{"line":55,"column":9}},"type":"if","locations":[{"start":{"line":51,"column":8},"end":{"line":55,"column":9}},{"start":{"line":53,"column":15},"end":{"line":55,"column":9}}],"line":51},"2":{"loc":{"start":{"line":54,"column":33},"end":{"line":54,"column":100}},"type":"binary-expr","locations":[{"start":{"line":54,"column":33},"end":{"line":54,"column":47}},{"start":{"line":54,"column":51},"end":{"line":54,"column":100}}],"line":54},"3":{"loc":{"start":{"line":66,"column":4},"end":{"line":68,"column":5}},"type":"if","locations":[{"start":{"line":66,"column":4},"end":{"line":68,"column":5}},{"start":{},"end":{}}],"line":66},"4":{"loc":{"start":{"line":78,"column":8},"end":{"line":82,"column":9}},"type":"if","locations":[{"start":{"line":78,"column":8},"end":{"line":82,"column":9}},{"start":{"line":80,"column":15},"end":{"line":82,"column":9}}],"line":78},"5":{"loc":{"start":{"line":81,"column":33},"end":{"line":81,"column":98}},"type":"binary-expr","locations":[{"start":{"line":81,"column":33},"end":{"line":81,"column":47}},{"start":{"line":81,"column":51},"end":{"line":81,"column":98}}],"line":81},"6":{"loc":{"start":{"line":95,"column":8},"end":{"line":99,"column":9}},"type":"if","locations":[{"start":{"line":95,"column":8},"end":{"line":99,"column":9}},{"start":{"line":97,"column":15},"end":{"line":99,"column":9}}],"line":95},"7":{"loc":{"start":{"line":98,"column":33},"end":{"line":98,"column":99}},"type":"binary-expr","locations":[{"start":{"line":98,"column":33},"end":{"line":98,"column":47}},{"start":{"line":98,"column":51},"end":{"line":98,"column":99}}],"line":98}},"s":{"0":4,"1":4,"2":4,"3":4,"4":1,"5":1,"6":0,"7":0,"8":0,"9":1,"10":4,"11":1,"12":1,"13":0,"14":0,"15":0,"16":0,"17":1,"18":4,"19":0,"20":0,"21":0,"22":0,"23":0,"24":0,"25":0,"26":0,"27":0,"28":0,"29":4,"30":0,"31":0,"32":0,"33":0,"34":0,"35":0,"36":0,"37":0,"38":0,"39":0,"40":0,"41":4,"42":0,"43":0,"44":0,"45":0,"46":0,"47":0,"48":0,"49":4},"f":{"0":1,"1":0,"2":1,"3":0,"4":0,"5":0,"6":0},"b":{"0":[0,0],"1":[0,0],"2":[0,0],"3":[0,0],"4":[0,0],"5":[0,0],"6":[0,0],"7":[0,0]},"_coverageSchema":"1a1c01bbd47fc00a2c39e90264f33305004495a9","hash":"31ed660621c23e0be7ebf21ceba27212e22cbb6d"}
,"C:\\Users\\W10-PC\\Downloads\\eventHub\\src\\controllers\\reviewController.js": {"path":"C:\\Users\\W10-PC\\Downloads\\eventHub\\src\\controllers\\reviewController.js","statementMap":{"0":{"start":{"line":1,"column":17},"end":{"line":1,"column":40}},"1":{"start":{"line":2,"column":17},"end":{"line":2,"column":44}},"2":{"start":{"line":3,"column":29},"end":{"line":3,"column":57}},"3":{"start":{"line":6,"column":22},"end":{"line":17,"column":1}},"4":{"start":{"line":8,"column":4},"end":{"line":16,"column":5}},"5":{"start":{"line":9,"column":23},"end":{"line":9,"column":79}},"6":{"start":{"line":10,"column":8},"end":{"line":13,"column":11}},"7":{"start":{"line":11,"column":12},"end":{"line":11,"column":62}},"8":{"start":{"line":12,"column":12},"end":{"line":12,"column":42}},"9":{"start":{"line":15,"column":8},"end":{"line":15,"column":20}},"10":{"start":{"line":20,"column":21},"end":{"line":32,"column":1}},"11":{"start":{"line":22,"column":4},"end":{"line":31,"column":5}},"12":{"start":{"line":23,"column":25},"end":{"line":23,"column":52}},"13":{"start":{"line":24,"column":23},"end":{"line":24,"column":96}},"14":{"start":{"line":25,"column":8},"end":{"line":28,"column":11}},"15":{"start":{"line":26,"column":12},"end":{"line":26,"column":62}},"16":{"start":{"line":27,"column":12},"end":{"line":27,"column":45}},"17":{"start":{"line":30,"column":8},"end":{"line":30,"column":20}},"18":{"start":{"line":35,"column":21},"end":{"line":61,"column":1}},"19":{"start":{"line":38,"column":19},"end":{"line":38,"column":40}},"20":{"start":{"line":39,"column":4},"end":{"line":41,"column":5}},"21":{"start":{"line":40,"column":8},"end":{"line":40,"column":64}},"22":{"start":{"line":43,"column":4},"end":{"line":60,"column":5}},"23":{"start":{"line":44,"column":23},"end":{"line":50,"column":9}},"24":{"start":{"line":52,"column":25},"end":{"line":52,"column":92}},"25":{"start":{"line":53,"column":8},"end":{"line":57,"column":9}},"26":{"start":{"line":54,"column":12},"end":{"line":54,"column":35}},"27":{"start":{"line":56,"column":12},"end":{"line":56,"column":96}},"28":{"start":{"line":59,"column":8},"end":{"line":59,"column":20}},"29":{"start":{"line":64,"column":21},"end":{"line":90,"column":1}},"30":{"start":{"line":66,"column":19},"end":{"line":66,"column":40}},"31":{"start":{"line":67,"column":4},"end":{"line":69,"column":5}},"32":{"start":{"line":68,"column":8},"end":{"line":68,"column":64}},"33":{"start":{"line":71,"column":4},"end":{"line":88,"column":5}},"34":{"start":{"line":72,"column":25},"end":{"line":72,"column":52}},"35":{"start":{"line":73,"column":23},"end":{"line":79,"column":9}},"36":{"start":{"line":80,"column":25},"end":{"line":80,"column":112}},"37":{"start":{"line":81,"column":8},"end":{"line":85,"column":9}},"38":{"start":{"line":82,"column":12},"end":{"line":82,"column":35}},"39":{"start":{"line":84,"column":12},"end":{"line":84,"column":94}},"40":{"start":{"line":87,"column":8},"end":{"line":87,"column":20}},"41":{"start":{"line":93,"column":21},"end":{"line":106,"column":1}},"42":{"start":{"line":95,"column":4},"end":{"line":105,"column":5}},"43":{"start":{"line":96,"column":25},"end":{"line":96,"column":52}},"44":{"start":{"line":97,"column":25},"end":{"line":97,"column":103}},"45":{"start":{"line":98,"column":8},"end":{"line":102,"column":9}},"46":{"start":{"line":99,"column":12},"end":{"line":99,"column":35}},"47":{"start":{"line":101,"column":12},"end":{"line":101,"column":95}},"48":{"start":{"line":104,"column":8},"end":{"line":104,"column":20}},"49":{"start":{"line":108,"column":0},"end":{"line":108,"column":91}}},"fnMap":{"0":{"name":"(anonymous_0)","decl":{"start":{"line":6,"column":22},"end":{"line":6,"column":23}},"loc":{"start":{"line":6,"column":48},"end":{"line":17,"column":1}},"line":6},"1":{"name":"(anonymous_1)","decl":{"start":{"line":10,"column":30},"end":{"line":10,"column":31}},"loc":{"start":{"line":10,"column":43},"end":{"line":13,"column":9}},"line":10},"2":{"name":"(anonymous_2)","decl":{"start":{"line":20,"column":21},"end":{"line":20,"column":22}},"loc":{"start":{"line":20,"column":47},"end":{"line":32,"column":1}},"line":20},"3":{"name":"(anonymous_3)","decl":{"start":{"line":25,"column":30},"end":{"line":25,"column":31}},"loc":{"start":{"line":25,"column":43},"end":{"line":28,"column":9}},"line":25},"4":{"name":"(anonymous_4)","decl":{"start":{"line":35,"column":21},"end":{"line":35,"column":22}},"loc":{"start":{"line":35,"column":47},"end":{"line":61,"column":1}},"line":35},"5":{"name":"(anonymous_5)","decl":{"start":{"line":64,"column":21},"end":{"line":64,"column":22}},"loc":{"start":{"line":64,"column":47},"end":{"line":90,"column":1}},"line":64},"6":{"name":"(anonymous_6)","decl":{"start":{"line":93,"column":21},"end":{"line":93,"column":22}},"loc":{"start":{"line":93,"column":47},"end":{"line":106,"column":1}},"line":93}},"branchMap":{"0":{"loc":{"start":{"line":39,"column":4},"end":{"line":41,"column":5}},"type":"if","locations":[{"start":{"line":39,"column":4},"end":{"line":41,"column":5}},{"start":{},"end":{}}],"line":39},"1":{"loc":{"start":{"line":53,"column":8},"end":{"line":57,"column":9}},"type":"if","locations":[{"start":{"line":53,"column":8},"end":{"line":57,"column":9}},{"start":{"line":55,"column":15},"end":{"line":57,"column":9}}],"line":53},"2":{"loc":{"start":{"line":56,"column":33},"end":{"line":56,"column":94}},"type":"binary-expr","locations":[{"start":{"line":56,"column":33},"end":{"line":56,"column":47}},{"start":{"line":56,"column":51},"end":{"line":56,"column":94}}],"line":56},"3":{"loc":{"start":{"line":67,"column":4},"end":{"line":69,"column":5}},"type":"if","locations":[{"start":{"line":67,"column":4},"end":{"line":69,"column":5}},{"start":{},"end":{}}],"line":67},"4":{"loc":{"start":{"line":81,"column":8},"end":{"line":85,"column":9}},"type":"if","locations":[{"start":{"line":81,"column":8},"end":{"line":85,"column":9}},{"start":{"line":83,"column":15},"end":{"line":85,"column":9}}],"line":81},"5":{"loc":{"start":{"line":84,"column":33},"end":{"line":84,"column":92}},"type":"binary-expr","locations":[{"start":{"line":84,"column":33},"end":{"line":84,"column":47}},{"start":{"line":84,"column":51},"end":{"line":84,"column":92}}],"line":84},"6":{"loc":{"start":{"line":98,"column":8},"end":{"line":102,"column":9}},"type":"if","locations":[{"start":{"line":98,"column":8},"end":{"line":102,"column":9}},{"start":{"line":100,"column":15},"end":{"line":102,"column":9}}],"line":98},"7":{"loc":{"start":{"line":101,"column":33},"end":{"line":101,"column":93}},"type":"binary-expr","locations":[{"start":{"line":101,"column":33},"end":{"line":101,"column":47}},{"start":{"line":101,"column":51},"end":{"line":101,"column":93}}],"line":101}},"s":{"0":4,"1":4,"2":4,"3":4,"4":1,"5":1,"6":0,"7":0,"8":0,"9":1,"10":4,"11":1,"12":1,"13":0,"14":0,"15":0,"16":0,"17":1,"18":4,"19":0,"20":0,"21":0,"22":0,"23":0,"24":0,"25":0,"26":0,"27":0,"28":0,"29":4,"30":0,"31":0,"32":0,"33":0,"34":0,"35":0,"36":0,"37":0,"38":0,"39":0,"40":0,"41":4,"42":0,"43":0,"44":0,"45":0,"46":0,"47":0,"48":0,"49":4},"f":{"0":1,"1":0,"2":1,"3":0,"4":0,"5":0,"6":0},"b":{"0":[0,0],"1":[0,0],"2":[0,0],"3":[0,0],"4":[0,0],"5":[0,0],"6":[0,0],"7":[0,0]},"_coverageSchema":"1a1c01bbd47fc00a2c39e90264f33305004495a9","hash":"1027d023fad770fbf095ce3d07ebb56634bf8faf"}
,"C:\\Users\\W10-PC\\Downloads\\eventHub\\src\\controllers\\userController.js": {"path":"C:\\Users\\W10-PC\\Downloads\\eventHub\\src\\controllers\\userController.js","statementMap":{"0":{"start":{"line":1,"column":17},"end":{"line":1,"column":40}},"1":{"start":{"line":2,"column":17},"end":{"line":2,"column":44}},"2":{"start":{"line":3,"column":29},"end":{"line":3,"column":57}},"3":{"start":{"line":6,"column":20},"end":{"line":17,"column":1}},"4":{"start":{"line":8,"column":4},"end":{"line":16,"column":5}},"5":{"start":{"line":9,"column":23},"end":{"line":9,"column":77}},"6":{"start":{"line":10,"column":8},"end":{"line":13,"column":11}},"7":{"start":{"line":11,"column":12},"end":{"line":11,"column":62}},"8":{"start":{"line":12,"column":12},"end":{"line":12,"column":40}},"9":{"start":{"line":15,"column":8},"end":{"line":15,"column":20}},"10":{"start":{"line":20,"column":19},"end":{"line":32,"column":1}},"11":{"start":{"line":22,"column":4},"end":{"line":31,"column":5}},"12":{"start":{"line":23,"column":23},"end":{"line":23,"column":50}},"13":{"start":{"line":24,"column":23},"end":{"line":24,"column":92}},"14":{"start":{"line":25,"column":8},"end":{"line":28,"column":11}},"15":{"start":{"line":26,"column":12},"end":{"line":26,"column":62}},"16":{"start":{"line":27,"column":12},"end":{"line":27,"column":43}},"17":{"start":{"line":30,"column":8},"end":{"line":30,"column":20}},"18":{"start":{"line":35,"column":19},"end":{"line":62,"column":1}},"19":{"start":{"line":38,"column":19},"end":{"line":38,"column":40}},"20":{"start":{"line":39,"column":4},"end":{"line":41,"column":5}},"21":{"start":{"line":40,"column":8},"end":{"line":40,"column":64}},"22":{"start":{"line":43,"column":4},"end":{"line":61,"column":5}},"23":{"start":{"line":44,"column":21},"end":{"line":51,"column":9}},"24":{"start":{"line":53,"column":25},"end":{"line":53,"column":90}},"25":{"start":{"line":54,"column":8},"end":{"line":58,"column":9}},"26":{"start":{"line":55,"column":12},"end":{"line":55,"column":35}},"27":{"start":{"line":57,"column":12},"end":{"line":57,"column":94}},"28":{"start":{"line":60,"column":8},"end":{"line":60,"column":20}},"29":{"start":{"line":65,"column":19},"end":{"line":92,"column":1}},"30":{"start":{"line":67,"column":19},"end":{"line":67,"column":40}},"31":{"start":{"line":68,"column":4},"end":{"line":70,"column":5}},"32":{"start":{"line":69,"column":8},"end":{"line":69,"column":64}},"33":{"start":{"line":72,"column":4},"end":{"line":90,"column":5}},"34":{"start":{"line":73,"column":23},"end":{"line":73,"column":50}},"35":{"start":{"line":74,"column":21},"end":{"line":81,"column":9}},"36":{"start":{"line":82,"column":25},"end":{"line":82,"column":106}},"37":{"start":{"line":83,"column":8},"end":{"line":87,"column":9}},"38":{"start":{"line":84,"column":12},"end":{"line":84,"column":35}},"39":{"start":{"line":86,"column":12},"end":{"line":86,"column":92}},"40":{"start":{"line":89,"column":8},"end":{"line":89,"column":20}},"41":{"start":{"line":95,"column":19},"end":{"line":108,"column":1}},"42":{"start":{"line":97,"column":4},"end":{"line":107,"column":5}},"43":{"start":{"line":98,"column":23},"end":{"line":98,"column":50}},"44":{"start":{"line":99,"column":25},"end":{"line":99,"column":99}},"45":{"start":{"line":100,"column":8},"end":{"line":104,"column":9}},"46":{"start":{"line":101,"column":12},"end":{"line":101,"column":35}},"47":{"start":{"line":103,"column":12},"end":{"line":103,"column":93}},"48":{"start":{"line":106,"column":8},"end":{"line":106,"column":20}},"49":{"start":{"line":110,"column":0},"end":{"line":110,"column":81}}},"fnMap":{"0":{"name":"(anonymous_0)","decl":{"start":{"line":6,"column":20},"end":{"line":6,"column":21}},"loc":{"start":{"line":6,"column":46},"end":{"line":17,"column":1}},"line":6},"1":{"name":"(anonymous_1)","decl":{"start":{"line":10,"column":30},"end":{"line":10,"column":31}},"loc":{"start":{"line":10,"column":41},"end":{"line":13,"column":9}},"line":10},"2":{"name":"(anonymous_2)","decl":{"start":{"line":20,"column":19},"end":{"line":20,"column":20}},"loc":{"start":{"line":20,"column":45},"end":{"line":32,"column":1}},"line":20},"3":{"name":"(anonymous_3)","decl":{"start":{"line":25,"column":30},"end":{"line":25,"column":31}},"loc":{"start":{"line":25,"column":41},"end":{"line":28,"column":9}},"line":25},"4":{"name":"(anonymous_4)","decl":{"start":{"line":35,"column":19},"end":{"line":35,"column":20}},"loc":{"start":{"line":35,"column":45},"end":{"line":62,"column":1}},"line":35},"5":{"name":"(anonymous_5)","decl":{"start":{"line":65,"column":19},"end":{"line":65,"column":20}},"loc":{"start":{"line":65,"column":45},"end":{"line":92,"column":1}},"line":65},"6":{"name":"(anonymous_6)","decl":{"start":{"line":95,"column":19},"end":{"line":95,"column":20}},"loc":{"start":{"line":95,"column":45},"end":{"line":108,"column":1}},"line":95}},"branchMap":{"0":{"loc":{"start":{"line":39,"column":4},"end":{"line":41,"column":5}},"type":"if","locations":[{"start":{"line":39,"column":4},"end":{"line":41,"column":5}},{"start":{},"end":{}}],"line":39},"1":{"loc":{"start":{"line":54,"column":8},"end":{"line":58,"column":9}},"type":"if","locations":[{"start":{"line":54,"column":8},"end":{"line":58,"column":9}},{"start":{"line":56,"column":15},"end":{"line":58,"column":9}}],"line":54},"2":{"loc":{"start":{"line":57,"column":33},"end":{"line":57,"column":92}},"type":"binary-expr","locations":[{"start":{"line":57,"column":33},"end":{"line":57,"column":47}},{"start":{"line":57,"column":51},"end":{"line":57,"column":92}}],"line":57},"3":{"loc":{"start":{"line":68,"column":4},"end":{"line":70,"column":5}},"type":"if","locations":[{"start":{"line":68,"column":4},"end":{"line":70,"column":5}},{"start":{},"end":{}}],"line":68},"4":{"loc":{"start":{"line":83,"column":8},"end":{"line":87,"column":9}},"type":"if","locations":[{"start":{"line":83,"column":8},"end":{"line":87,"column":9}},{"start":{"line":85,"column":15},"end":{"line":87,"column":9}}],"line":83},"5":{"loc":{"start":{"line":86,"column":33},"end":{"line":86,"column":90}},"type":"binary-expr","locations":[{"start":{"line":86,"column":33},"end":{"line":86,"column":47}},{"start":{"line":86,"column":51},"end":{"line":86,"column":90}}],"line":86},"6":{"loc":{"start":{"line":100,"column":8},"end":{"line":104,"column":9}},"type":"if","locations":[{"start":{"line":100,"column":8},"end":{"line":104,"column":9}},{"start":{"line":102,"column":15},"end":{"line":104,"column":9}}],"line":100},"7":{"loc":{"start":{"line":103,"column":33},"end":{"line":103,"column":91}},"type":"binary-expr","locations":[{"start":{"line":103,"column":33},"end":{"line":103,"column":47}},{"start":{"line":103,"column":51},"end":{"line":103,"column":91}}],"line":103}},"s":{"0":4,"1":4,"2":4,"3":4,"4":0,"5":0,"6":0,"7":0,"8":0,"9":0,"10":4,"11":1,"12":1,"13":0,"14":0,"15":0,"16":0,"17":1,"18":4,"19":0,"20":0,"21":0,"22":0,"23":0,"24":0,"25":0,"26":0,"27":0,"28":0,"29":4,"30":0,"31":0,"32":0,"33":0,"34":0,"35":0,"36":0,"37":0,"38":0,"39":0,"40":0,"41":4,"42":0,"43":0,"44":0,"45":0,"46":0,"47":0,"48":0,"49":4},"f":{"0":0,"1":0,"2":1,"3":0,"4":0,"5":0,"6":0},"b":{"0":[0,0],"1":[0,0],"2":[0,0],"3":[0,0],"4":[0,0],"5":[0,0],"6":[0,0],"7":[0,0]},"_coverageSchema":"1a1c01bbd47fc00a2c39e90264f33305004495a9","hash":"0a905a8e6d2c289f9a6b15147aaa01b7cc56f327"}
,"C:\\Users\\W10-PC\\Downloads\\eventHub\\src\\middleware\\authenticate.js": {"path":"C:\\Users\\W10-PC\\Downloads\\eventHub\\src\\middleware\\authenticate.js","statementMap":{"0":{"start":{"line":1,"column":24},"end":{"line":6,"column":1}},"1":{"start":{"line":2,"column":2},"end":{"line":4,"column":3}},"2":{"start":{"line":3,"column":4},"end":{"line":3,"column":58}},"3":{"start":{"line":5,"column":2},"end":{"line":5,"column":9}},"4":{"start":{"line":8,"column":0},"end":{"line":10,"column":2}}},"fnMap":{"0":{"name":"(anonymous_0)","decl":{"start":{"line":1,"column":24},"end":{"line":1,"column":25}},"loc":{"start":{"line":1,"column":44},"end":{"line":6,"column":1}},"line":1}},"branchMap":{"0":{"loc":{"start":{"line":2,"column":2},"end":{"line":4,"column":3}},"type":"if","locations":[{"start":{"line":2,"column":2},"end":{"line":4,"column":3}},{"start":{},"end":{}}],"line":2}},"s":{"0":4,"1":0,"2":0,"3":0,"4":4},"f":{"0":0},"b":{"0":[0,0]},"_coverageSchema":"1a1c01bbd47fc00a2c39e90264f33305004495a9","hash":"8ab106c01c13432619c01ff6afeb54177c8fae53"}
,"C:\\Users\\W10-PC\\Downloads\\eventHub\\src\\middleware\\authorizationMiddleware.js": {"path":"C:\\Users\\W10-PC\\Downloads\\eventHub\\src\\middleware\\authorizationMiddleware.js","statementMap":{"0":{"start":{"line":1,"column":16},"end":{"line":6,"column":1}},"1":{"start":{"line":2,"column":4},"end":{"line":4,"column":5}},"2":{"start":{"line":3,"column":8},"end":{"line":3,"column":22}},"3":{"start":{"line":5,"column":4},"end":{"line":5,"column":73}},"4":{"start":{"line":8,"column":0},"end":{"line":8,"column":29}}},"fnMap":{"0":{"name":"(anonymous_0)","decl":{"start":{"line":1,"column":16},"end":{"line":1,"column":17}},"loc":{"start":{"line":1,"column":36},"end":{"line":6,"column":1}},"line":1}},"branchMap":{"0":{"loc":{"start":{"line":2,"column":4},"end":{"line":4,"column":5}},"type":"if","locations":[{"start":{"line":2,"column":4},"end":{"line":4,"column":5}},{"start":{},"end":{}}],"line":2},"1":{"loc":{"start":{"line":2,"column":8},"end":{"line":2,"column":45}},"type":"binary-expr","locations":[{"start":{"line":2,"column":8},"end":{"line":2,"column":16}},{"start":{"line":2,"column":20},"end":{"line":2,"column":45}}],"line":2}},"s":{"0":4,"1":1,"2":0,"3":1,"4":4},"f":{"0":1},"b":{"0":[0,1],"1":[1,0]},"_coverageSchema":"1a1c01bbd47fc00a2c39e90264f33305004495a9","hash":"99573410dadc0475cd0458822804e9ed5e5cadfd"}
,"C:\\Users\\W10-PC\\Downloads\\eventHub\\src\\middleware\\errorHandler.js": {"path":"C:\\Users\\W10-PC\\Downloads\\eventHub\\src\\middleware\\errorHandler.js","statementMap":{"0":{"start":{"line":1,"column":21},"end":{"line":7,"column":1}},"1":{"start":{"line":2,"column":4},"end":{"line":2,"column":29}},"2":{"start":{"line":4,"column":4},"end":{"line":6,"column":7}},"3":{"start":{"line":9,"column":0},"end":{"line":9,"column":30}}},"fnMap":{"0":{"name":"(anonymous_0)","decl":{"start":{"line":1,"column":21},"end":{"line":1,"column":22}},"loc":{"start":{"line":1,"column":46},"end":{"line":7,"column":1}},"line":1}},"branchMap":{"0":{"loc":{"start":{"line":4,"column":15},"end":{"line":4,"column":32}},"type":"binary-expr","locations":[{"start":{"line":4,"column":15},"end":{"line":4,"column":25}},{"start":{"line":4,"column":29},"end":{"line":4,"column":32}}],"line":4},"1":{"loc":{"start":{"line":5,"column":17},"end":{"line":5,"column":55}},"type":"binary-expr","locations":[{"start":{"line":5,"column":17},"end":{"line":5,"column":28}},{"start":{"line":5,"column":32},"end":{"line":5,"column":55}}],"line":5}},"s":{"0":4,"1":7,"2":7,"3":4},"f":{"0":7},"b":{"0":[7,7],"1":[7,0]},"_coverageSchema":"1a1c01bbd47fc00a2c39e90264f33305004495a9","hash":"230e3af5cf6002bd0a3cf993613cc9c06f2e7e45"}
,"C:\\Users\\W10-PC\\Downloads\\eventHub\\src\\routes\\eventRoutes.js": {"path":"C:\\Users\\W10-PC\\Downloads\\eventHub\\src\\routes\\eventRoutes.js","statementMap":{"0":{"start":{"line":1,"column":16},"end":{"line":1,"column":34}},"1":{"start":{"line":2,"column":24},"end":{"line":2,"column":65}},"2":{"start":{"line":3,"column":15},"end":{"line":3,"column":31}},"3":{"start":{"line":4,"column":26},"end":{"line":4,"column":67}},"4":{"start":{"line":5,"column":26},"end":{"line":5,"column":63}},"5":{"start":{"line":8,"column":0},"end":{"line":8,"column":46}},"6":{"start":{"line":9,"column":0},"end":{"line":9,"column":47}},"7":{"start":{"line":10,"column":0},"end":{"line":10,"column":78}},"8":{"start":{"line":11,"column":0},"end":{"line":11,"column":79}},"9":{"start":{"line":12,"column":0},"end":{"line":12,"column":67}},"10":{"start":{"line":14,"column":0},"end":{"line":14,"column":24}}},"fnMap":{},"branchMap":{},"s":{"0":4,"1":4,"2":4,"3":4,"4":4,"5":4,"6":4,"7":4,"8":4,"9":4,"10":4},"f":{},"b":{},"_coverageSchema":"1a1c01bbd47fc00a2c39e90264f33305004495a9","hash":"3e202e24ea9039e6f06f1d67603285a11e691e63"}
,"C:\\Users\\W10-PC\\Downloads\\eventHub\\src\\routes\\index.js": {"path":"C:\\Users\\W10-PC\\Downloads\\eventHub\\src\\routes\\index.js","statementMap":{"0":{"start":{"line":1,"column":15},"end":{"line":1,"column":42}},"1":{"start":{"line":2,"column":17},"end":{"line":2,"column":36}},"2":{"start":{"line":5,"column":0},"end":{"line":5,"column":38}},"3":{"start":{"line":8,"column":0},"end":{"line":8,"column":48}},"4":{"start":{"line":10,"column":0},"end":{"line":10,"column":46}},"5":{"start":{"line":12,"column":0},"end":{"line":12,"column":62}},"6":{"start":{"line":14,"column":0},"end":{"line":14,"column":50}},"7":{"start":{"line":24,"column":0},"end":{"line":30,"column":3}},"8":{"start":{"line":25,"column":2},"end":{"line":29,"column":5}},"9":{"start":{"line":32,"column":0},"end":{"line":36,"column":3}},"10":{"start":{"line":33,"column":2},"end":{"line":35,"column":5}},"11":{"start":{"line":34,"column":4},"end":{"line":34,"column":27}},"12":{"start":{"line":39,"column":0},"end":{"line":39,"column":60}},"13":{"start":{"line":41,"column":0},"end":{"line":48,"column":2}},"14":{"start":{"line":45,"column":4},"end":{"line":45,"column":32}},"15":{"start":{"line":46,"column":4},"end":{"line":46,"column":22}},"16":{"start":{"line":52,"column":0},"end":{"line":55,"column":2}},"17":{"start":{"line":57,"column":0},"end":{"line":64,"column":2}},"18":{"start":{"line":61,"column":4},"end":{"line":61,"column":32}},"19":{"start":{"line":62,"column":4},"end":{"line":62,"column":22}},"20":{"start":{"line":67,"column":0},"end":{"line":67,"column":24}}},"fnMap":{"0":{"name":"(anonymous_0)","decl":{"start":{"line":24,"column":21},"end":{"line":24,"column":22}},"loc":{"start":{"line":24,"column":35},"end":{"line":30,"column":1}},"line":24},"1":{"name":"(anonymous_1)","decl":{"start":{"line":32,"column":22},"end":{"line":32,"column":23}},"loc":{"start":{"line":32,"column":36},"end":{"line":36,"column":1}},"line":32},"2":{"name":"(anonymous_2)","decl":{"start":{"line":33,"column":22},"end":{"line":33,"column":23}},"loc":{"start":{"line":33,"column":28},"end":{"line":35,"column":3}},"line":33},"3":{"name":"(anonymous_3)","decl":{"start":{"line":44,"column":2},"end":{"line":44,"column":3}},"loc":{"start":{"line":44,"column":16},"end":{"line":47,"column":3}},"line":44},"4":{"name":"(anonymous_4)","decl":{"start":{"line":60,"column":2},"end":{"line":60,"column":3}},"loc":{"start":{"line":60,"column":16},"end":{"line":63,"column":3}},"line":60}},"branchMap":{},"s":{"0":4,"1":4,"2":4,"3":4,"4":4,"5":4,"6":4,"7":4,"8":0,"9":4,"10":0,"11":0,"12":4,"13":4,"14":0,"15":0,"16":4,"17":4,"18":0,"19":0,"20":4},"f":{"0":0,"1":0,"2":0,"3":0,"4":0},"b":{},"_coverageSchema":"1a1c01bbd47fc00a2c39e90264f33305004495a9","hash":"6c96920774f80d9d06c94b4b2fd2eb9d28ebdd4b"}
,"C:\\Users\\W10-PC\\Downloads\\eventHub\\src\\routes\\registrationRoutes.js": {"path":"C:\\Users\\W10-PC\\Downloads\\eventHub\\src\\routes\\registrationRoutes.js","statementMap":{"0":{"start":{"line":1,"column":16},"end":{"line":1,"column":34}},"1":{"start":{"line":2,"column":31},"end":{"line":2,"column":79}},"2":{"start":{"line":3,"column":15},"end":{"line":3,"column":31}},"3":{"start":{"line":4,"column":33},"end":{"line":4,"column":81}},"4":{"start":{"line":5,"column":28},"end":{"line":5,"column":65}},"5":{"start":{"line":8,"column":0},"end":{"line":8,"column":60}},"6":{"start":{"line":9,"column":0},"end":{"line":9,"column":62}},"7":{"start":{"line":10,"column":0},"end":{"line":10,"column":99}},"8":{"start":{"line":11,"column":0},"end":{"line":11,"column":79}},"9":{"start":{"line":12,"column":0},"end":{"line":12,"column":82}},"10":{"start":{"line":14,"column":0},"end":{"line":14,"column":24}}},"fnMap":{},"branchMap":{},"s":{"0":4,"1":4,"2":4,"3":4,"4":4,"5":4,"6":4,"7":4,"8":4,"9":4,"10":4},"f":{},"b":{},"_coverageSchema":"1a1c01bbd47fc00a2c39e90264f33305004495a9","hash":"6833caff30a0f7cae2a982b2e022360b4cbf7ca3"}
,"C:\\Users\\W10-PC\\Downloads\\eventHub\\src\\routes\\reviewRoutes.js": {"path":"C:\\Users\\W10-PC\\Downloads\\eventHub\\src\\routes\\reviewRoutes.js","statementMap":{"0":{"start":{"line":1,"column":16},"end":{"line":1,"column":34}},"1":{"start":{"line":2,"column":25},"end":{"line":2,"column":67}},"2":{"start":{"line":3,"column":15},"end":{"line":3,"column":31}},"3":{"start":{"line":4,"column":27},"end":{"line":4,"column":69}},"4":{"start":{"line":5,"column":26},"end":{"line":5,"column":63}},"5":{"start":{"line":8,"column":0},"end":{"line":8,"column":48}},"6":{"start":{"line":9,"column":0},"end":{"line":9,"column":50}},"7":{"start":{"line":10,"column":0},"end":{"line":10,"column":81}},"8":{"start":{"line":11,"column":0},"end":{"line":11,"column":82}},"9":{"start":{"line":12,"column":0},"end":{"line":12,"column":69}},"10":{"start":{"line":14,"column":0},"end":{"line":14,"column":24}}},"fnMap":{},"branchMap":{},"s":{"0":4,"1":4,"2":4,"3":4,"4":4,"5":4,"6":4,"7":4,"8":4,"9":4,"10":4},"f":{},"b":{},"_coverageSchema":"1a1c01bbd47fc00a2c39e90264f33305004495a9","hash":"6d6401a0e8268d44ef90d6029afca501ff425550"}
,"C:\\Users\\W10-PC\\Downloads\\eventHub\\src\\routes\\swagger.js": {"path":"C:\\Users\\W10-PC\\Downloads\\eventHub\\src\\routes\\swagger.js","statementMap":{"0":{"start":{"line":1,"column":15},"end":{"line":1,"column":42}},"1":{"start":{"line":2,"column":18},"end":{"line":2,"column":47}},"2":{"start":{"line":3,"column":24},"end":{"line":3,"column":53}},"3":{"start":{"line":5,"column":0},"end":{"line":5,"column":41}},"4":{"start":{"line":6,"column":0},"end":{"line":6,"column":58}},"5":{"start":{"line":8,"column":0},"end":{"line":8,"column":24}}},"fnMap":{},"branchMap":{},"s":{"0":4,"1":4,"2":4,"3":4,"4":4,"5":4},"f":{},"b":{},"_coverageSchema":"1a1c01bbd47fc00a2c39e90264f33305004495a9","hash":"c28f7ccb978bf7408b5882f907a2fc28bbbe56f6"}
,"C:\\Users\\W10-PC\\Downloads\\eventHub\\src\\routes\\userRoutes.js": {"path":"C:\\Users\\W10-PC\\Downloads\\eventHub\\src\\routes\\userRoutes.js","statementMap":{"0":{"start":{"line":1,"column":16},"end":{"line":1,"column":34}},"1":{"start":{"line":2,"column":23},"end":{"line":2,"column":63}},"2":{"start":{"line":3,"column":15},"end":{"line":3,"column":31}},"3":{"start":{"line":4,"column":25},"end":{"line":4,"column":65}},"4":{"start":{"line":5,"column":20},"end":{"line":5,"column":68}},"5":{"start":{"line":7,"column":0},"end":{"line":7,"column":53}},"6":{"start":{"line":8,"column":0},"end":{"line":8,"column":46}},"7":{"start":{"line":9,"column":0},"end":{"line":9,"column":58}},"8":{"start":{"line":10,"column":0},"end":{"line":10,"column":60}},"9":{"start":{"line":11,"column":0},"end":{"line":11,"column":58}},"10":{"start":{"line":13,"column":0},"end":{"line":13,"column":24}}},"fnMap":{},"branchMap":{},"s":{"0":4,"1":4,"2":4,"3":4,"4":4,"5":4,"6":4,"7":4,"8":4,"9":4,"10":4},"f":{},"b":{},"_coverageSchema":"1a1c01bbd47fc00a2c39e90264f33305004495a9","hash":"798f729c5939f345b8c57cbf47bc2ecb9b9f7a63"}
,"C:\\Users\\W10-PC\\Downloads\\eventHub\\src\\validations\\eventValidation.js": {"path":"C:\\Users\\W10-PC\\Downloads\\eventHub\\src\\validations\\eventValidation.js","statementMap":{"0":{"start":{"line":1,"column":17},"end":{"line":1,"column":45}},"1":{"start":{"line":3,"column":22},"end":{"line":32,"column":1}},"2":{"start":{"line":34,"column":0},"end":{"line":34,"column":35}}},"fnMap":{},"branchMap":{},"s":{"0":4,"1":4,"2":4},"f":{},"b":{},"_coverageSchema":"1a1c01bbd47fc00a2c39e90264f33305004495a9","hash":"94682c4cb7bc28c3c3e91a5cedecc7cc0a498dd6"}
,"C:\\Users\\W10-PC\\Downloads\\eventHub\\src\\validations\\registrationValidation.js": {"path":"C:\\Users\\W10-PC\\Downloads\\eventHub\\src\\validations\\registrationValidation.js","statementMap":{"0":{"start":{"line":1,"column":17},"end":{"line":1,"column":45}},"1":{"start":{"line":3,"column":29},"end":{"line":11,"column":1}},"2":{"start":{"line":13,"column":0},"end":{"line":13,"column":42}}},"fnMap":{},"branchMap":{},"s":{"0":4,"1":4,"2":4},"f":{},"b":{},"_coverageSchema":"1a1c01bbd47fc00a2c39e90264f33305004495a9","hash":"3349f801dfec33a47caaed4332c28d256b74439a"}
,"C:\\Users\\W10-PC\\Downloads\\eventHub\\src\\validations\\reviewValidation.js": {"path":"C:\\Users\\W10-PC\\Downloads\\eventHub\\src\\validations\\reviewValidation.js","statementMap":{"0":{"start":{"line":1,"column":17},"end":{"line":1,"column":45}},"1":{"start":{"line":3,"column":23},"end":{"line":19,"column":1}},"2":{"start":{"line":21,"column":0},"end":{"line":21,"column":35}}},"fnMap":{},"branchMap":{},"s":{"0":4,"1":4,"2":4},"f":{},"b":{},"_coverageSchema":"1a1c01bbd47fc00a2c39e90264f33305004495a9","hash":"6e2e2e86e228a16de93be4caa434cf20a4c4827c"}
,"C:\\Users\\W10-PC\\Downloads\\eventHub\\src\\validations\\userValidation.js": {"path":"C:\\Users\\W10-PC\\Downloads\\eventHub\\src\\validations\\userValidation.js","statementMap":{"0":{"start":{"line":1,"column":17},"end":{"line":1,"column":45}},"1":{"start":{"line":3,"column":21},"end":{"line":16,"column":1}},"2":{"start":{"line":18,"column":0},"end":{"line":18,"column":33}}},"fnMap":{},"branchMap":{},"s":{"0":4,"1":4,"2":4},"f":{},"b":{},"_coverageSchema":"1a1c01bbd47fc00a2c39e90264f33305004495a9","hash":"7fce471f625f691fe0faa4619bd2c5d0cdf5cb41"}
}
