TN:
SF:server.js
FN:26,(anonymous_0)
FN:47,(anonymous_1)
FN:59,(anonymous_2)
FN:65,(anonymous_3)
FN:69,(anonymous_4)
FN:74,(anonymous_5)
FN:79,(anonymous_6)
FN:88,(anonymous_7)
FN:96,(anonymous_8)
FN:100,(anonymous_9)
FNF:10
FNH:1
FNDA:8,(anonymous_0)
FNDA:0,(anonymous_1)
FNDA:0,(anonymous_2)
FNDA:0,(anonymous_3)
FNDA:0,(anonymous_4)
FNDA:0,(anonymous_5)
FNDA:0,(anonymous_6)
FNDA:0,(anonymous_7)
FNDA:0,(anonymous_8)
FNDA:0,(anonymous_9)
DA:1,4
DA:2,4
DA:3,4
DA:4,4
DA:5,4
DA:6,4
DA:7,4
DA:8,4
DA:9,4
DA:10,4
DA:11,4
DA:14,4
DA:27,8
DA:28,8
DA:32,8
DA:33,8
DA:40,4
DA:48,0
DA:52,4
DA:60,0
DA:65,4
DA:66,0
DA:69,4
DA:70,0
DA:74,4
DA:76,4
DA:80,0
DA:81,0
DA:85,4
DA:89,0
DA:90,0
DA:95,4
DA:96,0
DA:97,0
DA:98,0
DA:100,0
DA:101,0
DA:107,4
LF:38
LH:25
BRDA:6,0,0,4
BRDA:6,0,1,4
BRDA:74,1,0,0
BRDA:74,1,1,0
BRDA:95,2,0,0
BRDA:95,2,1,4
BRDA:97,3,0,0
BRDA:97,3,1,0
BRF:8
BRH:3
end_of_record
TN:
SF:src\config\db.js
FN:8,(anonymous_0)
FN:14,(anonymous_1)
FN:18,(anonymous_2)
FN:23,(anonymous_3)
FNF:4
FNH:1
FNDA:0,(anonymous_0)
FNDA:0,(anonymous_1)
FNDA:0,(anonymous_2)
FNDA:3,(anonymous_3)
DA:1,4
DA:2,4
DA:4,4
DA:8,4
DA:9,0
DA:10,0
DA:11,0
DA:13,0
DA:15,0
DA:16,0
DA:19,0
DA:23,4
DA:24,3
DA:25,3
DA:27,0
DA:30,4
LF:16
LH:8
BRDA:9,0,0,0
BRDA:9,0,1,0
BRDA:24,1,0,3
BRDA:24,1,1,0
BRF:4
BRH:1
end_of_record
TN:
SF:src\controllers\eventController.js
FN:6,(anonymous_0)
FN:10,(anonymous_1)
FN:20,(anonymous_2)
FN:25,(anonymous_3)
FN:35,(anonymous_4)
FN:69,(anonymous_5)
FN:103,(anonymous_6)
FNF:7
FNH:2
FNDA:1,(anonymous_0)
FNDA:0,(anonymous_1)
FNDA:1,(anonymous_2)
FNDA:0,(anonymous_3)
FNDA:0,(anonymous_4)
FNDA:0,(anonymous_5)
FNDA:0,(anonymous_6)
DA:1,4
DA:2,4
DA:3,4
DA:6,4
DA:8,1
DA:9,1
DA:10,0
DA:11,0
DA:12,0
DA:15,1
DA:20,4
DA:22,1
DA:23,1
DA:24,0
DA:25,0
DA:26,0
DA:27,0
DA:30,1
DA:35,4
DA:38,0
DA:39,0
DA:40,0
DA:43,0
DA:44,0
DA:57,0
DA:58,0
DA:59,0
DA:61,0
DA:64,0
DA:69,4
DA:71,0
DA:72,0
DA:73,0
DA:76,0
DA:77,0
DA:78,0
DA:90,0
DA:91,0
DA:92,0
DA:94,0
DA:97,0
DA:103,4
DA:105,0
DA:106,0
DA:107,0
DA:108,0
DA:109,0
DA:111,0
DA:114,0
DA:118,4
LF:50
LH:15
BRDA:39,0,0,0
BRDA:39,0,1,0
BRDA:58,1,0,0
BRDA:58,1,1,0
BRDA:61,2,0,0
BRDA:61,2,1,0
BRDA:72,3,0,0
BRDA:72,3,1,0
BRDA:91,4,0,0
BRDA:91,4,1,0
BRDA:94,5,0,0
BRDA:94,5,1,0
BRDA:108,6,0,0
BRDA:108,6,1,0
BRDA:111,7,0,0
BRDA:111,7,1,0
BRF:16
BRH:0
end_of_record
TN:
SF:src\controllers\registrationController.js
FN:6,(anonymous_0)
FN:10,(anonymous_1)
FN:20,(anonymous_2)
FN:25,(anonymous_3)
FN:35,(anonymous_4)
FN:63,(anonymous_5)
FN:90,(anonymous_6)
FNF:7
FNH:2
FNDA:1,(anonymous_0)
FNDA:0,(anonymous_1)
FNDA:1,(anonymous_2)
FNDA:0,(anonymous_3)
FNDA:0,(anonymous_4)
FNDA:0,(anonymous_5)
FNDA:0,(anonymous_6)
DA:1,4
DA:2,4
DA:3,4
DA:6,4
DA:8,1
DA:9,1
DA:10,0
DA:11,0
DA:12,0
DA:15,1
DA:20,4
DA:22,1
DA:23,1
DA:24,0
DA:25,0
DA:26,0
DA:27,0
DA:30,1
DA:35,4
DA:38,0
DA:39,0
DA:40,0
DA:43,0
DA:44,0
DA:50,0
DA:51,0
DA:52,0
DA:54,0
DA:57,0
DA:63,4
DA:65,0
DA:66,0
DA:67,0
DA:70,0
DA:71,0
DA:72,0
DA:77,0
DA:78,0
DA:79,0
DA:81,0
DA:84,0
DA:90,4
DA:92,0
DA:93,0
DA:94,0
DA:95,0
DA:96,0
DA:98,0
DA:101,0
DA:105,4
LF:50
LH:15
BRDA:39,0,0,0
BRDA:39,0,1,0
BRDA:51,1,0,0
BRDA:51,1,1,0
BRDA:54,2,0,0
BRDA:54,2,1,0
BRDA:66,3,0,0
BRDA:66,3,1,0
BRDA:78,4,0,0
BRDA:78,4,1,0
BRDA:81,5,0,0
BRDA:81,5,1,0
BRDA:95,6,0,0
BRDA:95,6,1,0
BRDA:98,7,0,0
BRDA:98,7,1,0
BRF:16
BRH:0
end_of_record
TN:
SF:src\controllers\reviewController.js
FN:6,(anonymous_0)
FN:10,(anonymous_1)
FN:20,(anonymous_2)
FN:25,(anonymous_3)
FN:35,(anonymous_4)
FN:64,(anonymous_5)
FN:93,(anonymous_6)
FNF:7
FNH:2
FNDA:1,(anonymous_0)
FNDA:0,(anonymous_1)
FNDA:1,(anonymous_2)
FNDA:0,(anonymous_3)
FNDA:0,(anonymous_4)
FNDA:0,(anonymous_5)
FNDA:0,(anonymous_6)
DA:1,4
DA:2,4
DA:3,4
DA:6,4
DA:8,1
DA:9,1
DA:10,0
DA:11,0
DA:12,0
DA:15,1
DA:20,4
DA:22,1
DA:23,1
DA:24,0
DA:25,0
DA:26,0
DA:27,0
DA:30,1
DA:35,4
DA:38,0
DA:39,0
DA:40,0
DA:43,0
DA:44,0
DA:52,0
DA:53,0
DA:54,0
DA:56,0
DA:59,0
DA:64,4
DA:66,0
DA:67,0
DA:68,0
DA:71,0
DA:72,0
DA:73,0
DA:80,0
DA:81,0
DA:82,0
DA:84,0
DA:87,0
DA:93,4
DA:95,0
DA:96,0
DA:97,0
DA:98,0
DA:99,0
DA:101,0
DA:104,0
DA:108,4
LF:50
LH:15
BRDA:39,0,0,0
BRDA:39,0,1,0
BRDA:53,1,0,0
BRDA:53,1,1,0
BRDA:56,2,0,0
BRDA:56,2,1,0
BRDA:67,3,0,0
BRDA:67,3,1,0
BRDA:81,4,0,0
BRDA:81,4,1,0
BRDA:84,5,0,0
BRDA:84,5,1,0
BRDA:98,6,0,0
BRDA:98,6,1,0
BRDA:101,7,0,0
BRDA:101,7,1,0
BRF:16
BRH:0
end_of_record
TN:
SF:src\controllers\userController.js
FN:6,(anonymous_0)
FN:10,(anonymous_1)
FN:20,(anonymous_2)
FN:25,(anonymous_3)
FN:35,(anonymous_4)
FN:65,(anonymous_5)
FN:95,(anonymous_6)
FNF:7
FNH:1
FNDA:0,(anonymous_0)
FNDA:0,(anonymous_1)
FNDA:1,(anonymous_2)
FNDA:0,(anonymous_3)
FNDA:0,(anonymous_4)
FNDA:0,(anonymous_5)
FNDA:0,(anonymous_6)
DA:1,4
DA:2,4
DA:3,4
DA:6,4
DA:8,0
DA:9,0
DA:10,0
DA:11,0
DA:12,0
DA:15,0
DA:20,4
DA:22,1
DA:23,1
DA:24,0
DA:25,0
DA:26,0
DA:27,0
DA:30,1
DA:35,4
DA:38,0
DA:39,0
DA:40,0
DA:43,0
DA:44,0
DA:53,0
DA:54,0
DA:55,0
DA:57,0
DA:60,0
DA:65,4
DA:67,0
DA:68,0
DA:69,0
DA:72,0
DA:73,0
DA:74,0
DA:82,0
DA:83,0
DA:84,0
DA:86,0
DA:89,0
DA:95,4
DA:97,0
DA:98,0
DA:99,0
DA:100,0
DA:101,0
DA:103,0
DA:106,0
DA:110,4
LF:50
LH:12
BRDA:39,0,0,0
BRDA:39,0,1,0
BRDA:54,1,0,0
BRDA:54,1,1,0
BRDA:57,2,0,0
BRDA:57,2,1,0
BRDA:68,3,0,0
BRDA:68,3,1,0
BRDA:83,4,0,0
BRDA:83,4,1,0
BRDA:86,5,0,0
BRDA:86,5,1,0
BRDA:100,6,0,0
BRDA:100,6,1,0
BRDA:103,7,0,0
BRDA:103,7,1,0
BRF:16
BRH:0
end_of_record
TN:
SF:src\middleware\authenticate.js
FN:1,(anonymous_0)
FNF:1
FNH:0
FNDA:0,(anonymous_0)
DA:1,4
DA:2,0
DA:3,0
DA:5,0
DA:8,4
LF:5
LH:2
BRDA:2,0,0,0
BRDA:2,0,1,0
BRF:2
BRH:0
end_of_record
TN:
SF:src\middleware\authorizationMiddleware.js
FN:1,(anonymous_0)
FNF:1
FNH:1
FNDA:1,(anonymous_0)
DA:1,4
DA:2,1
DA:3,0
DA:5,1
DA:8,4
LF:5
LH:4
BRDA:2,0,0,0
BRDA:2,0,1,1
BRDA:2,1,0,1
BRDA:2,1,1,0
BRF:4
BRH:2
end_of_record
TN:
SF:src\middleware\errorHandler.js
FN:1,(anonymous_0)
FNF:1
FNH:1
FNDA:7,(anonymous_0)
DA:1,4
DA:2,7
DA:4,7
DA:9,4
LF:4
LH:4
BRDA:4,0,0,7
BRDA:4,0,1,7
BRDA:5,1,0,7
BRDA:5,1,1,0
BRF:4
BRH:3
end_of_record
TN:
SF:src\routes\eventRoutes.js
FNF:0
FNH:0
DA:1,4
DA:2,4
DA:3,4
DA:4,4
DA:5,4
DA:8,4
DA:9,4
DA:10,4
DA:11,4
DA:12,4
DA:14,4
LF:11
LH:11
BRF:0
BRH:0
end_of_record
TN:
SF:src\routes\index.js
FN:24,(anonymous_0)
FN:32,(anonymous_1)
FN:33,(anonymous_2)
FN:44,(anonymous_3)
FN:60,(anonymous_4)
FNF:5
FNH:0
FNDA:0,(anonymous_0)
FNDA:0,(anonymous_1)
FNDA:0,(anonymous_2)
FNDA:0,(anonymous_3)
FNDA:0,(anonymous_4)
DA:1,4
DA:2,4
DA:5,4
DA:8,4
DA:10,4
DA:12,4
DA:14,4
DA:24,4
DA:25,0
DA:32,4
DA:33,0
DA:34,0
DA:39,4
DA:41,4
DA:45,0
DA:46,0
DA:52,4
DA:57,4
DA:61,0
DA:62,0
DA:67,4
LF:21
LH:14
BRF:0
BRH:0
end_of_record
TN:
SF:src\routes\registrationRoutes.js
FNF:0
FNH:0
DA:1,4
DA:2,4
DA:3,4
DA:4,4
DA:5,4
DA:8,4
DA:9,4
DA:10,4
DA:11,4
DA:12,4
DA:14,4
LF:11
LH:11
BRF:0
BRH:0
end_of_record
TN:
SF:src\routes\reviewRoutes.js
FNF:0
FNH:0
DA:1,4
DA:2,4
DA:3,4
DA:4,4
DA:5,4
DA:8,4
DA:9,4
DA:10,4
DA:11,4
DA:12,4
DA:14,4
LF:11
LH:11
BRF:0
BRH:0
end_of_record
TN:
SF:src\routes\swagger.js
FNF:0
FNH:0
DA:1,4
DA:2,4
DA:3,4
DA:5,4
DA:6,4
DA:8,4
LF:6
LH:6
BRF:0
BRH:0
end_of_record
TN:
SF:src\routes\userRoutes.js
FNF:0
FNH:0
DA:1,4
DA:2,4
DA:3,4
DA:4,4
DA:5,4
DA:7,4
DA:8,4
DA:9,4
DA:10,4
DA:11,4
DA:13,4
LF:11
LH:11
BRF:0
BRH:0
end_of_record
TN:
SF:src\validations\eventValidation.js
FNF:0
FNH:0
DA:1,4
DA:3,4
DA:34,4
LF:3
LH:3
BRF:0
BRH:0
end_of_record
TN:
SF:src\validations\registrationValidation.js
FNF:0
FNH:0
DA:1,4
DA:3,4
DA:13,4
LF:3
LH:3
BRF:0
BRH:0
end_of_record
TN:
SF:src\validations\reviewValidation.js
FNF:0
FNH:0
DA:1,4
DA:3,4
DA:21,4
LF:3
LH:3
BRF:0
BRH:0
end_of_record
TN:
SF:src\validations\userValidation.js
FNF:0
FNH:0
DA:1,4
DA:3,4
DA:18,4
LF:3
LH:3
BRF:0
BRH:0
end_of_record
