TN:
SF:server.js
FN:26,(anonymous_0)
FN:47,(anonymous_1)
FN:59,(anonymous_2)
FN:65,(anonymous_3)
FN:69,(anonymous_4)
FN:74,(anonymous_5)
FN:79,(anonymous_6)
FN:88,(anonymous_7)
FN:96,(anonymous_8)
FN:100,(anonymous_9)
FNF:10
FNH:1
FNDA:8,(anonymous_0)
FNDA:0,(anonymous_1)
FNDA:0,(anonymous_2)
FNDA:0,(anonymous_3)
FNDA:0,(anonymous_4)
FNDA:0,(anonymous_5)
FNDA:0,(anonymous_6)
FNDA:0,(anonymous_7)
FNDA:0,(anonymous_8)
FNDA:0,(anonymous_9)
DA:1,4
DA:2,4
DA:3,4
DA:4,4
DA:5,4
DA:6,4
DA:7,4
DA:8,4
DA:9,4
DA:10,4
DA:11,4
DA:14,4
DA:27,8
DA:28,8
DA:32,8
DA:33,8
DA:40,4
DA:48,0
DA:52,4
DA:60,0
DA:65,4
DA:66,0
DA:69,4
DA:70,0
DA:74,4
DA:76,4
DA:80,0
DA:81,0
DA:85,4
DA:89,0
DA:90,0
DA:95,4
DA:96,0
DA:97,0
DA:98,0
DA:100,0
DA:101,0
DA:107,4
LF:38
LH:25
BRDA:6,0,0,4
BRDA:6,0,1,4
BRDA:74,1,0,0
BRDA:74,1,1,0
BRDA:95,2,0,0
BRDA:95,2,1,4
BRDA:97,3,0,0
BRDA:97,3,1,0
BRF:8
BRH:3
end_of_record
TN:
SF:src\middleware\authorizationMiddleware.js
FN:1,(anonymous_0)
FNF:1
FNH:1
FNDA:1,(anonymous_0)
DA:1,4
DA:2,1
DA:3,0
DA:5,1
DA:8,4
LF:5
LH:4
BRDA:2,0,0,0
BRDA:2,0,1,1
BRDA:2,1,0,1
BRDA:2,1,1,0
BRF:4
BRH:2
end_of_record
TN:
SF:src\routes\index.js
FN:24,(anonymous_0)
FN:32,(anonymous_1)
FN:33,(anonymous_2)
FN:44,(anonymous_3)
FN:60,(anonymous_4)
FNF:5
FNH:0
FNDA:0,(anonymous_0)
FNDA:0,(anonymous_1)
FNDA:0,(anonymous_2)
FNDA:0,(anonymous_3)
FNDA:0,(anonymous_4)
DA:1,4
DA:2,4
DA:5,4
DA:8,4
DA:10,4
DA:12,4
DA:14,4
DA:24,4
DA:25,0
DA:32,4
DA:33,0
DA:34,0
DA:39,4
DA:41,4
DA:45,0
DA:46,0
DA:52,4
DA:57,4
DA:61,0
DA:62,0
DA:67,4
LF:21
LH:14
BRF:0
BRH:0
end_of_record
TN:
SF:src\routes\userRoutes.js
FNF:0
FNH:0
DA:1,4
DA:2,4
DA:3,4
DA:4,4
DA:5,4
DA:7,4
DA:8,4
DA:9,4
DA:10,4
DA:12,4
LF:10
LH:10
BRF:0
BRH:0
end_of_record
